2024-10-03T15:18:10.400-0700 [DEBUG] [org.gradle.launcher.daemon.bootstrap.DaemonMain] Assuming the daemon was started with following jvm opts: [--add-opens=java.base/java.util=ALL-UNNAMED, --add-opens=java.base/java.lang=ALL-UNNAMED, --add-opens=java.base/java.lang.invoke=ALL-UNNAMED, --add-opens=java.prefs/java.util.prefs=ALL-UNNAMED, --add-opens=java.base/java.nio.charset=ALL-UNNAMED, --add-opens=java.base/java.net=ALL-UNNAMED, --add-opens=java.base/java.util.concurrent.atomic=ALL-UNNAMED, -Xmx2048m, -Dfile.encoding=UTF-8, -Duser.country=US, -Duser.language=en, -Duser.variant]
2024-10-03T15:18:10.670-0700 [INFO] [org.gradle.launcher.daemon.server.Daemon] start() called on daemon - DefaultDaemonContext[uid=3efbec36-63b7-40e2-be61-c986063ba46f,javaHome=/Applications/Android Studio.app/Contents/jbr/Contents/Home,daemonRegistryDir=/Users/bruce/Desktop/Align/CS5520/daemon,pid=20713,idleTimeout=10800000,priority=NORMAL,applyInstrumentationAgent=true,daemonOpts=--add-opens=java.base/java.util=ALL-UNNAMED,--add-opens=java.base/java.lang=ALL-UNNAMED,--add-opens=java.base/java.lang.invoke=ALL-UNNAMED,--add-opens=java.prefs/java.util.prefs=ALL-UNNAMED,--add-opens=java.base/java.nio.charset=ALL-UNNAMED,--add-opens=java.base/java.net=ALL-UNNAMED,--add-opens=java.base/java.util.concurrent.atomic=ALL-UNNAMED,-Xmx2048m,-Dfile.encoding=UTF-8,-Duser.country=US,-Duser.language=en,-Duser.variant]
2024-10-03T15:18:10.741-0700 [DEBUG] [org.gradle.internal.remote.internal.inet.InetAddresses] Adding IP addresses for network interface ipsec0
2024-10-03T15:18:10.742-0700 [DEBUG] [org.gradle.internal.remote.internal.inet.InetAddresses] Is this a loopback interface? false
2024-10-03T15:18:10.742-0700 [DEBUG] [org.gradle.internal.remote.internal.inet.InetAddresses] Adding remote address /2607:fb91:bd74:7d4f:5cda:5d19:55c4:1e51%ipsec0
2024-10-03T15:18:10.743-0700 [DEBUG] [org.gradle.internal.remote.internal.inet.InetAddresses] Adding remote address /fe80:0:0:0:aede:48ff:fe00:1122%ipsec0
2024-10-03T15:18:10.743-0700 [DEBUG] [org.gradle.internal.remote.internal.inet.InetAddresses] Adding IP addresses for network interface utun9
2024-10-03T15:18:10.744-0700 [DEBUG] [org.gradle.internal.remote.internal.inet.InetAddresses] Is this a loopback interface? false
2024-10-03T15:18:10.745-0700 [DEBUG] [org.gradle.internal.remote.internal.inet.InetAddresses] Adding remote address /fe80:0:0:0:8b6c:609d:5344:d726%utun9
2024-10-03T15:18:10.745-0700 [DEBUG] [org.gradle.internal.remote.internal.inet.InetAddresses] Adding IP addresses for network interface utun8
2024-10-03T15:18:10.746-0700 [DEBUG] [org.gradle.internal.remote.internal.inet.InetAddresses] Is this a loopback interface? false
2024-10-03T15:18:10.746-0700 [DEBUG] [org.gradle.internal.remote.internal.inet.InetAddresses] Adding remote address /fe80:0:0:0:f376:2c62:783d:150f%utun8
2024-10-03T15:18:10.746-0700 [DEBUG] [org.gradle.internal.remote.internal.inet.InetAddresses] Adding IP addresses for network interface utun7
2024-10-03T15:18:10.747-0700 [DEBUG] [org.gradle.internal.remote.internal.inet.InetAddresses] Is this a loopback interface? false
2024-10-03T15:18:10.747-0700 [DEBUG] [org.gradle.internal.remote.internal.inet.InetAddresses] Adding remote address /fe80:0:0:0:ebf:434d:afad:8f6%utun7
2024-10-03T15:18:10.748-0700 [DEBUG] [org.gradle.internal.remote.internal.inet.InetAddresses] Adding IP addresses for network interface utun6
2024-10-03T15:18:10.748-0700 [DEBUG] [org.gradle.internal.remote.internal.inet.InetAddresses] Is this a loopback interface? false
2024-10-03T15:18:10.749-0700 [DEBUG] [org.gradle.internal.remote.internal.inet.InetAddresses] Adding remote address /fe80:0:0:0:d5e9:8137:dbd:793b%utun6
2024-10-03T15:18:10.749-0700 [DEBUG] [org.gradle.internal.remote.internal.inet.InetAddresses] Adding IP addresses for network interface utun5
2024-10-03T15:18:10.750-0700 [DEBUG] [org.gradle.internal.remote.internal.inet.InetAddresses] Is this a loopback interface? false
2024-10-03T15:18:10.750-0700 [DEBUG] [org.gradle.internal.remote.internal.inet.InetAddresses] Adding remote address /fe80:0:0:0:c6bf:b936:92a8:ce1f%utun5
2024-10-03T15:18:10.751-0700 [DEBUG] [org.gradle.internal.remote.internal.inet.InetAddresses] Adding IP addresses for network interface utun4
2024-10-03T15:18:10.751-0700 [DEBUG] [org.gradle.internal.remote.internal.inet.InetAddresses] Is this a loopback interface? false
2024-10-03T15:18:10.751-0700 [DEBUG] [org.gradle.internal.remote.internal.inet.InetAddresses] Adding remote address /fe80:0:0:0:286a:705c:c2d9:7669%utun4
2024-10-03T15:18:10.752-0700 [DEBUG] [org.gradle.internal.remote.internal.inet.InetAddresses] Adding IP addresses for network interface utun3
2024-10-03T15:18:10.752-0700 [DEBUG] [org.gradle.internal.remote.internal.inet.InetAddresses] Is this a loopback interface? false
2024-10-03T15:18:10.753-0700 [DEBUG] [org.gradle.internal.remote.internal.inet.InetAddresses] Adding remote address /fe80:0:0:0:ce81:b1c:bd2c:69e%utun3
2024-10-03T15:18:10.753-0700 [DEBUG] [org.gradle.internal.remote.internal.inet.InetAddresses] Adding IP addresses for network interface utun2
2024-10-03T15:18:10.753-0700 [DEBUG] [org.gradle.internal.remote.internal.inet.InetAddresses] Is this a loopback interface? false
2024-10-03T15:18:10.753-0700 [DEBUG] [org.gradle.internal.remote.internal.inet.InetAddresses] Adding remote address /fe80:0:0:0:cd8a:5358:7cfd:1f44%utun2
2024-10-03T15:18:10.754-0700 [DEBUG] [org.gradle.internal.remote.internal.inet.InetAddresses] Adding IP addresses for network interface utun1
2024-10-03T15:18:10.754-0700 [DEBUG] [org.gradle.internal.remote.internal.inet.InetAddresses] Is this a loopback interface? false
2024-10-03T15:18:10.754-0700 [DEBUG] [org.gradle.internal.remote.internal.inet.InetAddresses] Adding remote address /fe80:0:0:0:fba:7d0e:9ea3:a31e%utun1
2024-10-03T15:18:10.755-0700 [DEBUG] [org.gradle.internal.remote.internal.inet.InetAddresses] Adding IP addresses for network interface utun0
2024-10-03T15:18:10.755-0700 [DEBUG] [org.gradle.internal.remote.internal.inet.InetAddresses] Is this a loopback interface? false
2024-10-03T15:18:10.756-0700 [DEBUG] [org.gradle.internal.remote.internal.inet.InetAddresses] Adding remote address /fe80:0:0:0:2189:260f:63d0:2b42%utun0
2024-10-03T15:18:10.756-0700 [DEBUG] [org.gradle.internal.remote.internal.inet.InetAddresses] Adding IP addresses for network interface llw0
2024-10-03T15:18:10.756-0700 [DEBUG] [org.gradle.internal.remote.internal.inet.InetAddresses] Is this a loopback interface? false
2024-10-03T15:18:10.757-0700 [DEBUG] [org.gradle.internal.remote.internal.inet.InetAddresses] Adding remote address /fe80:0:0:0:cc02:daff:fe81:5770%llw0
2024-10-03T15:18:10.758-0700 [DEBUG] [org.gradle.internal.remote.internal.inet.InetAddresses] Adding IP addresses for network interface awdl0
2024-10-03T15:18:10.759-0700 [DEBUG] [org.gradle.internal.remote.internal.inet.InetAddresses] Is this a loopback interface? false
2024-10-03T15:18:10.759-0700 [DEBUG] [org.gradle.internal.remote.internal.inet.InetAddresses] Adding remote address /fe80:0:0:0:cc02:daff:fe81:5770%awdl0
2024-10-03T15:18:10.760-0700 [DEBUG] [org.gradle.internal.remote.internal.inet.InetAddresses] Adding IP addresses for network interface ap1
2024-10-03T15:18:10.760-0700 [DEBUG] [org.gradle.internal.remote.internal.inet.InetAddresses] Is this a loopback interface? false
2024-10-03T15:18:10.760-0700 [DEBUG] [org.gradle.internal.remote.internal.inet.InetAddresses] Adding remote address /fe80:0:0:0:b0f7:79ff:fe6f:5f7f%ap1
2024-10-03T15:18:10.761-0700 [DEBUG] [org.gradle.internal.remote.internal.inet.InetAddresses] Adding IP addresses for network interface en5
2024-10-03T15:18:10.761-0700 [DEBUG] [org.gradle.internal.remote.internal.inet.InetAddresses] Is this a loopback interface? false
2024-10-03T15:18:10.761-0700 [DEBUG] [org.gradle.internal.remote.internal.inet.InetAddresses] Adding remote address /fe80:0:0:0:aede:48ff:fe00:1122%en5
2024-10-03T15:18:10.762-0700 [DEBUG] [org.gradle.internal.remote.internal.inet.InetAddresses] Adding IP addresses for network interface en0
2024-10-03T15:18:10.762-0700 [DEBUG] [org.gradle.internal.remote.internal.inet.InetAddresses] Is this a loopback interface? false
2024-10-03T15:18:10.763-0700 [DEBUG] [org.gradle.internal.remote.internal.inet.InetAddresses] Adding remote address /2601:647:5b00:7d90:b046:4c6c:5300:9417%en0
2024-10-03T15:18:10.763-0700 [DEBUG] [org.gradle.internal.remote.internal.inet.InetAddresses] Adding remote address /fe80:0:0:0:1c90:c585:4623:b307%en0
2024-10-03T15:18:10.763-0700 [DEBUG] [org.gradle.internal.remote.internal.inet.InetAddresses] Adding remote address /2601:647:5b00:7d90:0:0:0:5cd0%en0
2024-10-03T15:18:10.764-0700 [DEBUG] [org.gradle.internal.remote.internal.inet.InetAddresses] Adding remote address /2601:647:5b00:7d90:617b:174d:2f46:445e%en0
2024-10-03T15:18:10.764-0700 [DEBUG] [org.gradle.internal.remote.internal.inet.InetAddresses] Adding remote address /2601:647:5b00:7d90:c8c:97c0:1c95:3956%en0
2024-10-03T15:18:10.764-0700 [DEBUG] [org.gradle.internal.remote.internal.inet.InetAddresses] Adding remote address /10.0.0.215
2024-10-03T15:18:10.765-0700 [DEBUG] [org.gradle.internal.remote.internal.inet.InetAddresses] Adding IP addresses for network interface lo0
2024-10-03T15:18:10.765-0700 [DEBUG] [org.gradle.internal.remote.internal.inet.InetAddresses] Is this a loopback interface? true
2024-10-03T15:18:10.765-0700 [DEBUG] [org.gradle.internal.remote.internal.inet.InetAddresses] Ignoring remote address on loopback interface /fe80:0:0:0:0:0:0:1%lo0
2024-10-03T15:18:10.766-0700 [DEBUG] [org.gradle.internal.remote.internal.inet.InetAddresses] Adding loopback address /0:0:0:0:0:0:0:1%lo0
2024-10-03T15:18:10.766-0700 [DEBUG] [org.gradle.internal.remote.internal.inet.InetAddresses] Adding loopback address /127.0.0.1
2024-10-03T15:18:10.776-0700 [DEBUG] [org.gradle.internal.remote.internal.inet.TcpIncomingConnector] Listening on [392c7115-4332-479f-bd83-3b6363548872 port:61457, addresses:[localhost/127.0.0.1]].
2024-10-03T15:18:10.784-0700 [DEBUG] [org.gradle.launcher.daemon.server.Daemon] Daemon starting at: Thu Oct 03 15:18:10 PDT 2024, with address: [392c7115-4332-479f-bd83-3b6363548872 port:61457, addresses:[localhost/127.0.0.1]]
2024-10-03T15:18:10.785-0700 [INFO] [org.gradle.launcher.daemon.server.DaemonRegistryUpdater] Advertising the daemon address to the clients: [392c7115-4332-479f-bd83-3b6363548872 port:61457, addresses:[localhost/127.0.0.1]]
2024-10-03T15:18:10.785-0700 [DEBUG] [org.gradle.launcher.daemon.server.DaemonRegistryUpdater] Advertised daemon context: DefaultDaemonContext[uid=3efbec36-63b7-40e2-be61-c986063ba46f,javaHome=/Applications/Android Studio.app/Contents/jbr/Contents/Home,daemonRegistryDir=/Users/bruce/Desktop/Align/CS5520/daemon,pid=20713,idleTimeout=10800000,priority=NORMAL,applyInstrumentationAgent=true,daemonOpts=--add-opens=java.base/java.util=ALL-UNNAMED,--add-opens=java.base/java.lang=ALL-UNNAMED,--add-opens=java.base/java.lang.invoke=ALL-UNNAMED,--add-opens=java.prefs/java.util.prefs=ALL-UNNAMED,--add-opens=java.base/java.nio.charset=ALL-UNNAMED,--add-opens=java.base/java.net=ALL-UNNAMED,--add-opens=java.base/java.util.concurrent.atomic=ALL-UNNAMED,-Xmx2048m,-Dfile.encoding=UTF-8,-Duser.country=US,-Duser.language=en,-Duser.variant]
2024-10-03T15:18:10.786-0700 [DEBUG] [org.gradle.launcher.daemon.registry.PersistentDaemonRegistry] Storing daemon address: [392c7115-4332-479f-bd83-3b6363548872 port:61457, addresses:[localhost/127.0.0.1]], context: DefaultDaemonContext[uid=3efbec36-63b7-40e2-be61-c986063ba46f,javaHome=/Applications/Android Studio.app/Contents/jbr/Contents/Home,daemonRegistryDir=/Users/bruce/Desktop/Align/CS5520/daemon,pid=20713,idleTimeout=10800000,priority=NORMAL,applyInstrumentationAgent=true,daemonOpts=--add-opens=java.base/java.util=ALL-UNNAMED,--add-opens=java.base/java.lang=ALL-UNNAMED,--add-opens=java.base/java.lang.invoke=ALL-UNNAMED,--add-opens=java.prefs/java.util.prefs=ALL-UNNAMED,--add-opens=java.base/java.nio.charset=ALL-UNNAMED,--add-opens=java.base/java.net=ALL-UNNAMED,--add-opens=java.base/java.util.concurrent.atomic=ALL-UNNAMED,-Xmx2048m,-Dfile.encoding=UTF-8,-Duser.country=US,-Duser.language=en,-Duser.variant]
2024-10-03T15:18:10.816-0700 [DEBUG] [org.gradle.cache.internal.DefaultFileLockManager] Waiting to acquire exclusive lock on daemon addresses registry.
2024-10-03T15:18:10.820-0700 [DEBUG] [org.gradle.cache.internal.DefaultFileLockManager] Lock acquired on daemon addresses registry.
2024-10-03T15:18:10.825-0700 [DEBUG] [org.gradle.cache.internal.DefaultFileLockManager] Releasing lock on daemon addresses registry.
2024-10-03T15:18:10.826-0700 [LIFECYCLE] [org.gradle.launcher.daemon.server.Daemon] Daemon server started.
2024-10-03T15:18:10.827-0700 [DEBUG] [org.gradle.launcher.daemon.bootstrap.DaemonStartupCommunication] Completed writing the daemon greeting. Closing streams...
2024-10-03T15:18:10.832-0700 [DEBUG] [org.gradle.launcher.daemon.server.Daemon] stopOnExpiration() called on daemon
2024-10-03T15:18:10.833-0700 [DEBUG] [org.gradle.launcher.daemon.server.Daemon] awaitExpiration() called on daemon
2024-10-03T15:18:10.834-0700 [DEBUG] [org.gradle.launcher.daemon.server.DaemonStateCoordinator] daemon is running. Sleeping until state changes.
2024-10-03T15:18:10.838-0700 [DEBUG] [org.gradle.internal.remote.internal.inet.TcpIncomingConnector] Accepted connection from /127.0.0.1:61458 to /127.0.0.1:61457.
2024-10-03T15:18:10.891-0700 [DEBUG] [org.gradle.launcher.daemon.server.SynchronizedDispatchConnection] thread 29: received class org.gradle.launcher.daemon.protocol.Build
2024-10-03T15:18:10.892-0700 [DEBUG] [org.gradle.launcher.daemon.server.DefaultDaemonConnection] thread 29: Received non-IO message from client: Build{id=817f0bf0-1e87-4ff0-912c-3f508de1c3a5, currentDir=/Users/bruce/Desktop/Align/CS5520}
2024-10-03T15:18:10.893-0700 [INFO] [org.gradle.launcher.daemon.server.DefaultIncomingConnectionHandler] Received command: Build{id=817f0bf0-1e87-4ff0-912c-3f508de1c3a5, currentDir=/Users/bruce/Desktop/Align/CS5520}.
2024-10-03T15:18:10.893-0700 [DEBUG] [org.gradle.launcher.daemon.server.DefaultIncomingConnectionHandler] Starting executing command: Build{id=817f0bf0-1e87-4ff0-912c-3f508de1c3a5, currentDir=/Users/bruce/Desktop/Align/CS5520} with connection: socket connection from /127.0.0.1:61457 to /127.0.0.1:61458.
2024-10-03T15:18:10.896-0700 [DEBUG] [org.gradle.launcher.daemon.server.DaemonStateCoordinator] Command execution: started DaemonCommandExecution[command = Build{id=817f0bf0-1e87-4ff0-912c-3f508de1c3a5, currentDir=/Users/bruce/Desktop/Align/CS5520}, connection = DefaultDaemonConnection: socket connection from /127.0.0.1:61457 to /127.0.0.1:61458] after 0.0 minutes of idle
2024-10-03T15:18:10.897-0700 [INFO] [org.gradle.launcher.daemon.server.DaemonRegistryUpdater] Marking the daemon as busy, address: [392c7115-4332-479f-bd83-3b6363548872 port:61457, addresses:[localhost/127.0.0.1]]
2024-10-03T15:18:10.897-0700 [DEBUG] [org.gradle.launcher.daemon.registry.PersistentDaemonRegistry] Marking busy by address: [392c7115-4332-479f-bd83-3b6363548872 port:61457, addresses:[localhost/127.0.0.1]]
2024-10-03T15:18:10.898-0700 [DEBUG] [org.gradle.cache.internal.DefaultFileLockManager] Waiting to acquire exclusive lock on daemon addresses registry.
2024-10-03T15:18:10.898-0700 [DEBUG] [org.gradle.cache.internal.DefaultFileLockManager] Lock acquired on daemon addresses registry.
2024-10-03T15:18:10.899-0700 [DEBUG] [org.gradle.cache.internal.DefaultFileLockManager] Releasing lock on daemon addresses registry.
2024-10-03T15:18:10.900-0700 [DEBUG] [org.gradle.launcher.daemon.server.DaemonStateCoordinator] resetting idle timer
2024-10-03T15:18:10.900-0700 [DEBUG] [org.gradle.launcher.daemon.server.DaemonStateCoordinator] daemon is running. Sleeping until state changes.
2024-10-03T15:18:10.901-0700 [INFO] [org.gradle.launcher.daemon.server.exec.StartBuildOrRespondWithBusy] Daemon is about to start building Build{id=817f0bf0-1e87-4ff0-912c-3f508de1c3a5, currentDir=/Users/bruce/Desktop/Align/CS5520}. Dispatching build started information...
2024-10-03T15:18:10.901-0700 [DEBUG] [org.gradle.launcher.daemon.server.SynchronizedDispatchConnection] thread 31: dispatching org.gradle.launcher.daemon.protocol.BuildStarted@76c783cb
2024-10-03T15:18:10.904-0700 [DEBUG] [org.gradle.launcher.daemon.server.exec.EstablishBuildEnvironment] Configuring env variables: [PATH, __CFBundleIdentifier, SHELL, OLDPWD, USER, COMMAND_MODE, TMPDIR, SSH_AUTH_SOCK, XPC_FLAGS, __CF_USER_TEXT_ENCODING, LOGNAME, LC_CTYPE, XPC_SERVICE_NAME, HOME]
2024-10-03T15:18:10.907-0700 [DEBUG] [org.gradle.launcher.daemon.server.SynchronizedDispatchConnection] thread 29: received class org.gradle.launcher.daemon.protocol.CloseInput
2024-10-03T15:18:10.907-0700 [DEBUG] [org.gradle.launcher.daemon.server.DefaultDaemonConnection] thread 29: Received IO message from client: org.gradle.launcher.daemon.protocol.CloseInput@24cdbd2e
2024-10-03T15:18:10.910-0700 [DEBUG] [org.gradle.launcher.daemon.server.exec.LogToClient] About to start relaying all logs to the client via the connection.
2024-10-03T15:18:10.911-0700 [INFO] [org.gradle.launcher.daemon.server.exec.LogToClient] The client will now receive all logging from the daemon (pid: 20713). The daemon log file: /Users/bruce/Desktop/Align/CS5520/daemon/8.2/daemon-20713.out.log
2024-10-03T15:18:10.913-0700 [INFO] [org.gradle.launcher.daemon.server.exec.LogAndCheckHealth] Starting build in new daemon [memory: 2 GiB]
2024-10-03T15:18:10.914-0700 [INFO] [org.gradle.launcher.daemon.server.exec.ForwardClientInput] Closing daemon's stdin at end of input.
2024-10-03T15:18:10.915-0700 [INFO] [org.gradle.launcher.daemon.server.exec.ForwardClientInput] The daemon will no longer process any standard input.
2024-10-03T15:18:10.917-0700 [DEBUG] [org.gradle.launcher.daemon.server.exec.ExecuteBuild] The daemon has started executing the build.
2024-10-03T15:18:10.917-0700 [DEBUG] [org.gradle.launcher.daemon.server.exec.ExecuteBuild] Executing build with daemon context: DefaultDaemonContext[uid=3efbec36-63b7-40e2-be61-c986063ba46f,javaHome=/Applications/Android Studio.app/Contents/jbr/Contents/Home,daemonRegistryDir=/Users/bruce/Desktop/Align/CS5520/daemon,pid=20713,idleTimeout=10800000,priority=NORMAL,applyInstrumentationAgent=true,daemonOpts=--add-opens=java.base/java.util=ALL-UNNAMED,--add-opens=java.base/java.lang=ALL-UNNAMED,--add-opens=java.base/java.lang.invoke=ALL-UNNAMED,--add-opens=java.prefs/java.util.prefs=ALL-UNNAMED,--add-opens=java.base/java.nio.charset=ALL-UNNAMED,--add-opens=java.base/java.net=ALL-UNNAMED,--add-opens=java.base/java.util.concurrent.atomic=ALL-UNNAMED,-Xmx2048m,-Dfile.encoding=UTF-8,-Duser.country=US,-Duser.language=en,-Duser.variant]
Warning: SDK processing. This version only understands SDK XML versions up to 3 but an SDK XML file of version 4 was encountered. This can happen if you use versions of Android Studio and the command-line tools that were released at different times.

BUILD SUCCESSFUL in 1m 42s
31 actionable tasks: 31 executed
2024-10-03T15:19:48.917-0700 [DEBUG] [org.gradle.launcher.daemon.server.exec.ExecuteBuild] The daemon has finished executing the build.
2024-10-03T15:19:48.925-0700 [DEBUG] [org.gradle.launcher.daemon.server.DaemonStateCoordinator] daemon is running. Sleeping until state changes.
2024-10-03T15:19:48.925-0700 [DEBUG] [org.gradle.launcher.daemon.server.DaemonStateCoordinator] Command execution: finished waiting for DaemonCommandExecution[command = Build{id=817f0bf0-1e87-4ff0-912c-3f508de1c3a5, currentDir=/Users/bruce/Desktop/Align/CS5520}, connection = DefaultDaemonConnection: socket connection from /127.0.0.1:61457 to /127.0.0.1:61458]. Result org.gradle.launcher.daemon.server.DaemonStateCoordinator@3e24829a with state Busy
2024-10-03T15:19:48.926-0700 [DEBUG] [org.gradle.launcher.daemon.server.DaemonStateCoordinator] Command execution: completed DaemonCommandExecution[command = Build{id=817f0bf0-1e87-4ff0-912c-3f508de1c3a5, currentDir=/Users/bruce/Desktop/Align/CS5520}, connection = DefaultDaemonConnection: socket connection from /127.0.0.1:61457 to /127.0.0.1:61458]
2024-10-03T15:19:48.926-0700 [DEBUG] [org.gradle.launcher.daemon.server.DaemonStateCoordinator] resetting idle timer
2024-10-03T15:19:48.926-0700 [INFO] [org.gradle.launcher.daemon.server.DaemonRegistryUpdater] Marking the daemon as idle, address: [392c7115-4332-479f-bd83-3b6363548872 port:61457, addresses:[localhost/127.0.0.1]]
2024-10-03T15:19:48.926-0700 [DEBUG] [org.gradle.launcher.daemon.registry.PersistentDaemonRegistry] Marking busy by address: [392c7115-4332-479f-bd83-3b6363548872 port:61457, addresses:[localhost/127.0.0.1]]
2024-10-03T15:19:48.926-0700 [DEBUG] [org.gradle.cache.internal.DefaultFileLockManager] Waiting to acquire exclusive lock on daemon addresses registry.
2024-10-03T15:19:48.927-0700 [DEBUG] [org.gradle.cache.internal.DefaultFileLockManager] Lock acquired on daemon addresses registry.
2024-10-03T15:19:48.927-0700 [DEBUG] [org.gradle.cache.internal.DefaultFileLockManager] Releasing lock on daemon addresses registry.
2024-10-03T15:19:48.927-0700 [DEBUG] [org.gradle.launcher.daemon.server.DaemonStateCoordinator] daemon is running. Sleeping until state changes.
2024-10-03T15:19:48.927-0700 [DEBUG] [org.gradle.launcher.daemon.server.exec.ReturnResult] Daemon is dispatching the build result: Success[value=org.gradle.launcher.exec.BuildActionResult@72462819]
2024-10-03T15:19:48.928-0700 [DEBUG] [org.gradle.launcher.daemon.server.SynchronizedDispatchConnection] thread 28: dispatching Success[value=org.gradle.launcher.exec.BuildActionResult@72462819]
2024-10-03T15:19:48.928-0700 [DEBUG] [org.gradle.launcher.daemon.server.DefaultIncomingConnectionHandler] Finishing executing command: Build{id=817f0bf0-1e87-4ff0-912c-3f508de1c3a5, currentDir=/Users/bruce/Desktop/Align/CS5520}
2024-10-03T15:19:48.929-0700 [DEBUG] [org.gradle.launcher.daemon.server.SynchronizedDispatchConnection] thread 29: received class org.gradle.launcher.daemon.protocol.Finished
2024-10-03T15:19:48.929-0700 [DEBUG] [org.gradle.launcher.daemon.server.DefaultDaemonConnection] thread 29: Received non-IO message from client: org.gradle.launcher.daemon.protocol.Finished@5fb7845c
2024-10-03T15:19:48.929-0700 [DEBUG] [org.gradle.launcher.daemon.server.DefaultIncomingConnectionHandler] Received finished message: org.gradle.launcher.daemon.protocol.Finished@5fb7845c
2024-10-03T15:19:48.930-0700 [DEBUG] [org.gradle.launcher.daemon.server.SynchronizedDispatchConnection] thread 28: stopping connection
2024-10-03T15:19:48.930-0700 [DEBUG] [org.gradle.internal.remote.internal.inet.SocketConnection] Discarding EOFException: java.io.EOFException
2024-10-03T15:19:48.930-0700 [DEBUG] [org.gradle.launcher.daemon.server.SynchronizedDispatchConnection] thread 29: received null
2024-10-03T15:19:48.930-0700 [DEBUG] [org.gradle.launcher.daemon.server.DefaultDaemonConnection] thread 29: Received end-of-input from client.
2024-10-03T15:19:48.932-0700 [DEBUG] [org.gradle.launcher.daemon.server.SynchronizedDispatchConnection] thread 28: stopping connection
2024-10-03T15:19:50.835-0700 [DEBUG] [org.gradle.cache.internal.DefaultFileLockManager] Waiting to acquire shared lock on daemon addresses registry.
2024-10-03T15:19:50.835-0700 [DEBUG] [org.gradle.cache.internal.DefaultFileLockManager] Lock acquired on daemon addresses registry.
2024-10-03T15:19:50.836-0700 [DEBUG] [org.gradle.cache.internal.DefaultFileLockManager] Releasing lock on daemon addresses registry.
2024-10-03T15:19:50.836-0700 [DEBUG] [org.gradle.cache.internal.DefaultFileLockManager] Waiting to acquire shared lock on daemon addresses registry.
2024-10-03T15:19:50.836-0700 [DEBUG] [org.gradle.cache.internal.DefaultFileLockManager] Lock acquired on daemon addresses registry.
2024-10-03T15:19:50.836-0700 [DEBUG] [org.gradle.cache.internal.DefaultFileLockManager] Releasing lock on daemon addresses registry.
2024-10-03T15:20:00.836-0700 [DEBUG] [org.gradle.cache.internal.DefaultFileLockManager] Waiting to acquire shared lock on daemon addresses registry.
2024-10-03T15:20:00.836-0700 [DEBUG] [org.gradle.cache.internal.DefaultFileLockManager] Lock acquired on daemon addresses registry.
2024-10-03T15:20:00.836-0700 [DEBUG] [org.gradle.cache.internal.DefaultFileLockManager] Releasing lock on daemon addresses registry.
2024-10-03T15:20:00.836-0700 [DEBUG] [org.gradle.cache.internal.DefaultFileLockManager] Waiting to acquire shared lock on daemon addresses registry.
2024-10-03T15:20:00.836-0700 [DEBUG] [org.gradle.cache.internal.DefaultFileLockManager] Lock acquired on daemon addresses registry.
2024-10-03T15:20:00.837-0700 [DEBUG] [org.gradle.cache.internal.DefaultFileLockManager] Releasing lock on daemon addresses registry.
2024-10-03T15:20:00.837-0700 [DEBUG] [org.gradle.cache.internal.DefaultFileLockManager] Waiting to acquire shared lock on daemon addresses registry.
2024-10-03T15:20:00.837-0700 [DEBUG] [org.gradle.cache.internal.DefaultFileLockManager] Lock acquired on daemon addresses registry.
2024-10-03T15:20:00.837-0700 [DEBUG] [org.gradle.cache.internal.DefaultFileLockManager] Releasing lock on daemon addresses registry.
2024-10-03T15:20:10.836-0700 [DEBUG] [org.gradle.cache.internal.DefaultFileLockManager] Waiting to acquire shared lock on daemon addresses registry.
2024-10-03T15:20:10.836-0700 [DEBUG] [org.gradle.cache.internal.DefaultFileLockManager] Lock acquired on daemon addresses registry.
2024-10-03T15:20:10.837-0700 [DEBUG] [org.gradle.cache.internal.DefaultFileLockManager] Releasing lock on daemon addresses registry.
2024-10-03T15:20:10.837-0700 [DEBUG] [org.gradle.cache.internal.DefaultFileLockManager] Waiting to acquire shared lock on daemon addresses registry.
2024-10-03T15:20:10.837-0700 [DEBUG] [org.gradle.cache.internal.DefaultFileLockManager] Lock acquired on daemon addresses registry.
2024-10-03T15:20:10.838-0700 [DEBUG] [org.gradle.cache.internal.DefaultFileLockManager] Releasing lock on daemon addresses registry.
2024-10-03T15:20:10.838-0700 [DEBUG] [org.gradle.cache.internal.DefaultFileLockManager] Waiting to acquire shared lock on daemon addresses registry.
2024-10-03T15:20:10.838-0700 [DEBUG] [org.gradle.cache.internal.DefaultFileLockManager] Lock acquired on daemon addresses registry.
2024-10-03T15:20:10.838-0700 [DEBUG] [org.gradle.cache.internal.DefaultFileLockManager] Releasing lock on daemon addresses registry.
2024-10-03T15:20:20.837-0700 [DEBUG] [org.gradle.cache.internal.DefaultFileLockManager] Waiting to acquire shared lock on daemon addresses registry.
2024-10-03T15:20:20.837-0700 [DEBUG] [org.gradle.cache.internal.DefaultFileLockManager] Lock acquired on daemon addresses registry.
2024-10-03T15:20:20.838-0700 [DEBUG] [org.gradle.cache.internal.DefaultFileLockManager] Releasing lock on daemon addresses registry.
2024-10-03T15:20:20.838-0700 [DEBUG] [org.gradle.cache.internal.DefaultFileLockManager] Waiting to acquire shared lock on daemon addresses registry.
2024-10-03T15:20:20.838-0700 [DEBUG] [org.gradle.cache.internal.DefaultFileLockManager] Lock acquired on daemon addresses registry.
2024-10-03T15:20:20.839-0700 [DEBUG] [org.gradle.cache.internal.DefaultFileLockManager] Releasing lock on daemon addresses registry.
2024-10-03T15:20:20.839-0700 [DEBUG] [org.gradle.cache.internal.DefaultFileLockManager] Waiting to acquire shared lock on daemon addresses registry.
2024-10-03T15:20:20.839-0700 [DEBUG] [org.gradle.cache.internal.DefaultFileLockManager] Lock acquired on daemon addresses registry.
2024-10-03T15:20:20.839-0700 [DEBUG] [org.gradle.cache.internal.DefaultFileLockManager] Releasing lock on daemon addresses registry.
2024-10-03T15:20:30.835-0700 [DEBUG] [org.gradle.cache.internal.DefaultFileLockManager] Waiting to acquire shared lock on daemon addresses registry.
2024-10-03T15:20:30.835-0700 [DEBUG] [org.gradle.cache.internal.DefaultFileLockManager] Lock acquired on daemon addresses registry.
2024-10-03T15:20:30.835-0700 [DEBUG] [org.gradle.cache.internal.DefaultFileLockManager] Releasing lock on daemon addresses registry.
2024-10-03T15:20:30.836-0700 [DEBUG] [org.gradle.cache.internal.DefaultFileLockManager] Waiting to acquire shared lock on daemon addresses registry.
2024-10-03T15:20:30.836-0700 [DEBUG] [org.gradle.cache.internal.DefaultFileLockManager] Lock acquired on daemon addresses registry.
2024-10-03T15:20:30.836-0700 [DEBUG] [org.gradle.cache.internal.DefaultFileLockManager] Releasing lock on daemon addresses registry.
2024-10-03T15:20:30.837-0700 [DEBUG] [org.gradle.cache.internal.DefaultFileLockManager] Waiting to acquire shared lock on daemon addresses registry.
2024-10-03T15:20:30.837-0700 [DEBUG] [org.gradle.cache.internal.DefaultFileLockManager] Lock acquired on daemon addresses registry.
2024-10-03T15:20:30.837-0700 [DEBUG] [org.gradle.cache.internal.DefaultFileLockManager] Releasing lock on daemon addresses registry.
2024-10-03T15:20:40.835-0700 [DEBUG] [org.gradle.cache.internal.DefaultFileLockManager] Waiting to acquire shared lock on daemon addresses registry.
2024-10-03T15:20:40.836-0700 [DEBUG] [org.gradle.cache.internal.DefaultFileLockManager] Lock acquired on daemon addresses registry.
2024-10-03T15:20:40.836-0700 [DEBUG] [org.gradle.cache.internal.DefaultFileLockManager] Releasing lock on daemon addresses registry.
2024-10-03T15:20:40.837-0700 [DEBUG] [org.gradle.cache.internal.DefaultFileLockManager] Waiting to acquire shared lock on daemon addresses registry.
2024-10-03T15:20:40.837-0700 [DEBUG] [org.gradle.cache.internal.DefaultFileLockManager] Lock acquired on daemon addresses registry.
2024-10-03T15:20:40.837-0700 [DEBUG] [org.gradle.cache.internal.DefaultFileLockManager] Releasing lock on daemon addresses registry.
2024-10-03T15:20:40.838-0700 [DEBUG] [org.gradle.cache.internal.DefaultFileLockManager] Waiting to acquire shared lock on daemon addresses registry.
2024-10-03T15:20:40.838-0700 [DEBUG] [org.gradle.cache.internal.DefaultFileLockManager] Lock acquired on daemon addresses registry.
2024-10-03T15:20:40.838-0700 [DEBUG] [org.gradle.cache.internal.DefaultFileLockManager] Releasing lock on daemon addresses registry.
2024-10-03T15:20:50.836-0700 [DEBUG] [org.gradle.cache.internal.DefaultFileLockManager] Waiting to acquire shared lock on daemon addresses registry.
2024-10-03T15:20:50.836-0700 [DEBUG] [org.gradle.cache.internal.DefaultFileLockManager] Lock acquired on daemon addresses registry.
2024-10-03T15:20:50.836-0700 [DEBUG] [org.gradle.cache.internal.DefaultFileLockManager] Releasing lock on daemon addresses registry.
2024-10-03T15:20:50.837-0700 [DEBUG] [org.gradle.cache.internal.DefaultFileLockManager] Waiting to acquire shared lock on daemon addresses registry.
2024-10-03T15:20:50.837-0700 [DEBUG] [org.gradle.cache.internal.DefaultFileLockManager] Lock acquired on daemon addresses registry.
2024-10-03T15:20:50.837-0700 [DEBUG] [org.gradle.cache.internal.DefaultFileLockManager] Releasing lock on daemon addresses registry.
2024-10-03T15:20:50.838-0700 [DEBUG] [org.gradle.cache.internal.DefaultFileLockManager] Waiting to acquire shared lock on daemon addresses registry.
2024-10-03T15:20:50.838-0700 [DEBUG] [org.gradle.cache.internal.DefaultFileLockManager] Lock acquired on daemon addresses registry.
2024-10-03T15:20:50.838-0700 [DEBUG] [org.gradle.cache.internal.DefaultFileLockManager] Releasing lock on daemon addresses registry.
2024-10-03T15:21:00.836-0700 [DEBUG] [org.gradle.cache.internal.DefaultFileLockManager] Waiting to acquire shared lock on daemon addresses registry.
2024-10-03T15:21:00.836-0700 [DEBUG] [org.gradle.cache.internal.DefaultFileLockManager] Lock acquired on daemon addresses registry.
2024-10-03T15:21:00.836-0700 [DEBUG] [org.gradle.cache.internal.DefaultFileLockManager] Releasing lock on daemon addresses registry.
2024-10-03T15:21:00.837-0700 [DEBUG] [org.gradle.cache.internal.DefaultFileLockManager] Waiting to acquire shared lock on daemon addresses registry.
2024-10-03T15:21:00.837-0700 [DEBUG] [org.gradle.cache.internal.DefaultFileLockManager] Lock acquired on daemon addresses registry.
2024-10-03T15:21:00.837-0700 [DEBUG] [org.gradle.cache.internal.DefaultFileLockManager] Releasing lock on daemon addresses registry.
2024-10-03T15:21:00.838-0700 [DEBUG] [org.gradle.cache.internal.DefaultFileLockManager] Waiting to acquire shared lock on daemon addresses registry.
2024-10-03T15:21:00.838-0700 [DEBUG] [org.gradle.cache.internal.DefaultFileLockManager] Lock acquired on daemon addresses registry.
2024-10-03T15:21:00.838-0700 [DEBUG] [org.gradle.cache.internal.DefaultFileLockManager] Releasing lock on daemon addresses registry.
2024-10-03T15:21:10.834-0700 [DEBUG] [org.gradle.cache.internal.DefaultFileLockManager] Waiting to acquire shared lock on daemon addresses registry.
2024-10-03T15:21:10.835-0700 [DEBUG] [org.gradle.cache.internal.DefaultFileLockManager] Lock acquired on daemon addresses registry.
2024-10-03T15:21:10.835-0700 [DEBUG] [org.gradle.cache.internal.DefaultFileLockManager] Releasing lock on daemon addresses registry.
2024-10-03T15:21:10.835-0700 [DEBUG] [org.gradle.cache.internal.DefaultFileLockManager] Waiting to acquire shared lock on daemon addresses registry.
2024-10-03T15:21:10.835-0700 [DEBUG] [org.gradle.cache.internal.DefaultFileLockManager] Lock acquired on daemon addresses registry.
2024-10-03T15:21:10.836-0700 [DEBUG] [org.gradle.cache.internal.DefaultFileLockManager] Releasing lock on daemon addresses registry.
2024-10-03T15:21:10.836-0700 [DEBUG] [org.gradle.cache.internal.DefaultFileLockManager] Waiting to acquire shared lock on daemon addresses registry.
2024-10-03T15:21:10.836-0700 [DEBUG] [org.gradle.cache.internal.DefaultFileLockManager] Lock acquired on daemon addresses registry.
2024-10-03T15:21:10.836-0700 [DEBUG] [org.gradle.cache.internal.DefaultFileLockManager] Releasing lock on daemon addresses registry.
2024-10-03T15:21:20.836-0700 [DEBUG] [org.gradle.cache.internal.DefaultFileLockManager] Waiting to acquire shared lock on daemon addresses registry.
2024-10-03T15:21:20.837-0700 [DEBUG] [org.gradle.cache.internal.DefaultFileLockManager] Lock acquired on daemon addresses registry.
2024-10-03T15:21:20.837-0700 [DEBUG] [org.gradle.cache.internal.DefaultFileLockManager] Releasing lock on daemon addresses registry.
2024-10-03T15:21:20.837-0700 [DEBUG] [org.gradle.cache.internal.DefaultFileLockManager] Waiting to acquire shared lock on daemon addresses registry.
2024-10-03T15:21:20.838-0700 [DEBUG] [org.gradle.cache.internal.DefaultFileLockManager] Lock acquired on daemon addresses registry.
2024-10-03T15:21:20.838-0700 [DEBUG] [org.gradle.cache.internal.DefaultFileLockManager] Releasing lock on daemon addresses registry.
2024-10-03T15:21:20.838-0700 [DEBUG] [org.gradle.cache.internal.DefaultFileLockManager] Waiting to acquire shared lock on daemon addresses registry.
2024-10-03T15:21:20.838-0700 [DEBUG] [org.gradle.cache.internal.DefaultFileLockManager] Lock acquired on daemon addresses registry.
2024-10-03T15:21:20.839-0700 [DEBUG] [org.gradle.cache.internal.DefaultFileLockManager] Releasing lock on daemon addresses registry.
2024-10-03T15:21:30.835-0700 [DEBUG] [org.gradle.cache.internal.DefaultFileLockManager] Waiting to acquire shared lock on daemon addresses registry.
2024-10-03T15:21:30.836-0700 [DEBUG] [org.gradle.cache.internal.DefaultFileLockManager] Lock acquired on daemon addresses registry.
2024-10-03T15:21:30.836-0700 [DEBUG] [org.gradle.cache.internal.DefaultFileLockManager] Releasing lock on daemon addresses registry.
2024-10-03T15:21:30.836-0700 [DEBUG] [org.gradle.cache.internal.DefaultFileLockManager] Waiting to acquire shared lock on daemon addresses registry.
2024-10-03T15:21:30.837-0700 [DEBUG] [org.gradle.cache.internal.DefaultFileLockManager] Lock acquired on daemon addresses registry.
2024-10-03T15:21:30.837-0700 [DEBUG] [org.gradle.cache.internal.DefaultFileLockManager] Releasing lock on daemon addresses registry.
2024-10-03T15:21:30.837-0700 [DEBUG] [org.gradle.cache.internal.DefaultFileLockManager] Waiting to acquire shared lock on daemon addresses registry.
2024-10-03T15:21:30.837-0700 [DEBUG] [org.gradle.cache.internal.DefaultFileLockManager] Lock acquired on daemon addresses registry.
2024-10-03T15:21:30.838-0700 [DEBUG] [org.gradle.cache.internal.DefaultFileLockManager] Releasing lock on daemon addresses registry.
2024-10-03T15:21:40.836-0700 [DEBUG] [org.gradle.cache.internal.DefaultFileLockManager] Waiting to acquire shared lock on daemon addresses registry.
2024-10-03T15:21:40.836-0700 [DEBUG] [org.gradle.cache.internal.DefaultFileLockManager] Lock acquired on daemon addresses registry.
2024-10-03T15:21:40.836-0700 [DEBUG] [org.gradle.cache.internal.DefaultFileLockManager] Releasing lock on daemon addresses registry.
2024-10-03T15:21:40.837-0700 [DEBUG] [org.gradle.cache.internal.DefaultFileLockManager] Waiting to acquire shared lock on daemon addresses registry.
2024-10-03T15:21:40.837-0700 [DEBUG] [org.gradle.cache.internal.DefaultFileLockManager] Lock acquired on daemon addresses registry.
2024-10-03T15:21:40.837-0700 [DEBUG] [org.gradle.cache.internal.DefaultFileLockManager] Releasing lock on daemon addresses registry.
2024-10-03T15:21:40.838-0700 [DEBUG] [org.gradle.cache.internal.DefaultFileLockManager] Waiting to acquire shared lock on daemon addresses registry.
2024-10-03T15:21:40.838-0700 [DEBUG] [org.gradle.cache.internal.DefaultFileLockManager] Lock acquired on daemon addresses registry.
2024-10-03T15:21:40.838-0700 [DEBUG] [org.gradle.cache.internal.DefaultFileLockManager] Releasing lock on daemon addresses registry.
2024-10-03T15:21:45.120-0700 [DEBUG] [org.gradle.internal.remote.internal.inet.TcpIncomingConnector] Accepted connection from /127.0.0.1:61614 to /127.0.0.1:61457.
2024-10-03T15:21:45.121-0700 [DEBUG] [org.gradle.launcher.daemon.server.SynchronizedDispatchConnection] thread 313: received class org.gradle.launcher.daemon.protocol.Build
2024-10-03T15:21:45.121-0700 [DEBUG] [org.gradle.launcher.daemon.server.DefaultDaemonConnection] thread 313: Received non-IO message from client: Build{id=ba744beb-b5d4-486d-bf97-c733df0082de, currentDir=/Users/bruce/Desktop/Align/CS5520}
2024-10-03T15:21:45.121-0700 [INFO] [org.gradle.launcher.daemon.server.DefaultIncomingConnectionHandler] Received command: Build{id=ba744beb-b5d4-486d-bf97-c733df0082de, currentDir=/Users/bruce/Desktop/Align/CS5520}.
2024-10-03T15:21:45.121-0700 [DEBUG] [org.gradle.launcher.daemon.server.DefaultIncomingConnectionHandler] Starting executing command: Build{id=ba744beb-b5d4-486d-bf97-c733df0082de, currentDir=/Users/bruce/Desktop/Align/CS5520} with connection: socket connection from /127.0.0.1:61457 to /127.0.0.1:61614.
2024-10-03T15:21:45.122-0700 [DEBUG] [org.gradle.launcher.daemon.server.DaemonStateCoordinator] Command execution: started DaemonCommandExecution[command = Build{id=ba744beb-b5d4-486d-bf97-c733df0082de, currentDir=/Users/bruce/Desktop/Align/CS5520}, connection = DefaultDaemonConnection: socket connection from /127.0.0.1:61457 to /127.0.0.1:61614] after 1.0 minutes of idle
2024-10-03T15:21:45.122-0700 [INFO] [org.gradle.launcher.daemon.server.DaemonRegistryUpdater] Marking the daemon as busy, address: [392c7115-4332-479f-bd83-3b6363548872 port:61457, addresses:[localhost/127.0.0.1]]
2024-10-03T15:21:45.122-0700 [DEBUG] [org.gradle.launcher.daemon.registry.PersistentDaemonRegistry] Marking busy by address: [392c7115-4332-479f-bd83-3b6363548872 port:61457, addresses:[localhost/127.0.0.1]]
2024-10-03T15:21:45.122-0700 [DEBUG] [org.gradle.cache.internal.DefaultFileLockManager] Waiting to acquire exclusive lock on daemon addresses registry.
2024-10-03T15:21:45.122-0700 [DEBUG] [org.gradle.cache.internal.DefaultFileLockManager] Lock acquired on daemon addresses registry.
2024-10-03T15:21:45.123-0700 [DEBUG] [org.gradle.cache.internal.DefaultFileLockManager] Releasing lock on daemon addresses registry.
2024-10-03T15:21:45.123-0700 [DEBUG] [org.gradle.launcher.daemon.server.DaemonStateCoordinator] resetting idle timer
2024-10-03T15:21:45.123-0700 [DEBUG] [org.gradle.launcher.daemon.server.DaemonStateCoordinator] daemon is running. Sleeping until state changes.
2024-10-03T15:21:45.123-0700 [INFO] [org.gradle.launcher.daemon.server.exec.StartBuildOrRespondWithBusy] Daemon is about to start building Build{id=ba744beb-b5d4-486d-bf97-c733df0082de, currentDir=/Users/bruce/Desktop/Align/CS5520}. Dispatching build started information...
2024-10-03T15:21:45.124-0700 [DEBUG] [org.gradle.launcher.daemon.server.SynchronizedDispatchConnection] thread 315: dispatching org.gradle.launcher.daemon.protocol.BuildStarted@4a587d8c
2024-10-03T15:21:45.124-0700 [DEBUG] [org.gradle.launcher.daemon.server.exec.EstablishBuildEnvironment] Configuring env variables: [PATH, __CFBundleIdentifier, SHELL, OLDPWD, USER, COMMAND_MODE, TMPDIR, SSH_AUTH_SOCK, XPC_FLAGS, __CF_USER_TEXT_ENCODING, LOGNAME, LC_CTYPE, XPC_SERVICE_NAME, HOME]
2024-10-03T15:21:45.124-0700 [DEBUG] [org.gradle.launcher.daemon.server.exec.LogToClient] About to start relaying all logs to the client via the connection.
2024-10-03T15:21:45.124-0700 [INFO] [org.gradle.launcher.daemon.server.exec.LogToClient] The client will now receive all logging from the daemon (pid: 20713). The daemon log file: /Users/bruce/Desktop/Align/CS5520/daemon/8.2/daemon-20713.out.log
2024-10-03T15:21:45.124-0700 [DEBUG] [org.gradle.launcher.daemon.server.SynchronizedDispatchConnection] thread 313: received class org.gradle.launcher.daemon.protocol.CloseInput
2024-10-03T15:21:45.125-0700 [DEBUG] [org.gradle.launcher.daemon.server.DefaultDaemonConnection] thread 313: Received IO message from client: org.gradle.launcher.daemon.protocol.CloseInput@27c714ee
2024-10-03T15:21:45.126-0700 [INFO] [org.gradle.launcher.daemon.server.exec.LogAndCheckHealth] Starting 2nd build in daemon [uptime: 3 mins 34.645 secs, performance: 99%, GC rate: 0.00/s, heap usage: 0% of 2 GiB]
2024-10-03T15:21:45.126-0700 [DEBUG] [org.gradle.launcher.daemon.server.exec.ExecuteBuild] The daemon has started executing the build.
2024-10-03T15:21:45.126-0700 [INFO] [org.gradle.launcher.daemon.server.exec.ForwardClientInput] Closing daemon's stdin at end of input.
2024-10-03T15:21:45.126-0700 [DEBUG] [org.gradle.launcher.daemon.server.exec.ExecuteBuild] Executing build with daemon context: DefaultDaemonContext[uid=3efbec36-63b7-40e2-be61-c986063ba46f,javaHome=/Applications/Android Studio.app/Contents/jbr/Contents/Home,daemonRegistryDir=/Users/bruce/Desktop/Align/CS5520/daemon,pid=20713,idleTimeout=10800000,priority=NORMAL,applyInstrumentationAgent=true,daemonOpts=--add-opens=java.base/java.util=ALL-UNNAMED,--add-opens=java.base/java.lang=ALL-UNNAMED,--add-opens=java.base/java.lang.invoke=ALL-UNNAMED,--add-opens=java.prefs/java.util.prefs=ALL-UNNAMED,--add-opens=java.base/java.nio.charset=ALL-UNNAMED,--add-opens=java.base/java.net=ALL-UNNAMED,--add-opens=java.base/java.util.concurrent.atomic=ALL-UNNAMED,-Xmx2048m,-Dfile.encoding=UTF-8,-Duser.country=US,-Duser.language=en,-Duser.variant]
2024-10-03T15:21:45.126-0700 [INFO] [org.gradle.launcher.daemon.server.exec.ForwardClientInput] The daemon will no longer process any standard input.

BUILD SUCCESSFUL in 432ms
31 actionable tasks: 31 up-to-date
2024-10-03T15:21:45.567-0700 [DEBUG] [org.gradle.launcher.daemon.server.exec.ExecuteBuild] The daemon has finished executing the build.
2024-10-03T15:21:45.571-0700 [DEBUG] [org.gradle.launcher.daemon.server.DaemonStateCoordinator] daemon is running. Sleeping until state changes.
2024-10-03T15:21:45.571-0700 [DEBUG] [org.gradle.launcher.daemon.server.DaemonStateCoordinator] Command execution: finished waiting for DaemonCommandExecution[command = Build{id=ba744beb-b5d4-486d-bf97-c733df0082de, currentDir=/Users/bruce/Desktop/Align/CS5520}, connection = DefaultDaemonConnection: socket connection from /127.0.0.1:61457 to /127.0.0.1:61614]. Result org.gradle.launcher.daemon.server.DaemonStateCoordinator@3e24829a with state Busy
2024-10-03T15:21:45.571-0700 [DEBUG] [org.gradle.launcher.daemon.server.DaemonStateCoordinator] Command execution: completed DaemonCommandExecution[command = Build{id=ba744beb-b5d4-486d-bf97-c733df0082de, currentDir=/Users/bruce/Desktop/Align/CS5520}, connection = DefaultDaemonConnection: socket connection from /127.0.0.1:61457 to /127.0.0.1:61614]
2024-10-03T15:21:45.571-0700 [DEBUG] [org.gradle.launcher.daemon.server.DaemonStateCoordinator] resetting idle timer
2024-10-03T15:21:45.571-0700 [INFO] [org.gradle.launcher.daemon.server.DaemonRegistryUpdater] Marking the daemon as idle, address: [392c7115-4332-479f-bd83-3b6363548872 port:61457, addresses:[localhost/127.0.0.1]]
2024-10-03T15:21:45.571-0700 [DEBUG] [org.gradle.launcher.daemon.registry.PersistentDaemonRegistry] Marking busy by address: [392c7115-4332-479f-bd83-3b6363548872 port:61457, addresses:[localhost/127.0.0.1]]
2024-10-03T15:21:45.571-0700 [DEBUG] [org.gradle.cache.internal.DefaultFileLockManager] Waiting to acquire exclusive lock on daemon addresses registry.
2024-10-03T15:21:45.571-0700 [DEBUG] [org.gradle.cache.internal.DefaultFileLockManager] Lock acquired on daemon addresses registry.
2024-10-03T15:21:45.572-0700 [DEBUG] [org.gradle.cache.internal.DefaultFileLockManager] Releasing lock on daemon addresses registry.
2024-10-03T15:21:45.572-0700 [DEBUG] [org.gradle.launcher.daemon.server.DaemonStateCoordinator] daemon is running. Sleeping until state changes.
2024-10-03T15:21:45.572-0700 [DEBUG] [org.gradle.launcher.daemon.server.exec.ReturnResult] Daemon is dispatching the build result: Success[value=org.gradle.launcher.exec.BuildActionResult@6f3be474]
2024-10-03T15:21:45.573-0700 [DEBUG] [org.gradle.launcher.daemon.server.SynchronizedDispatchConnection] thread 312: dispatching Success[value=org.gradle.launcher.exec.BuildActionResult@6f3be474]
2024-10-03T15:21:45.573-0700 [DEBUG] [org.gradle.launcher.daemon.server.DefaultIncomingConnectionHandler] Finishing executing command: Build{id=ba744beb-b5d4-486d-bf97-c733df0082de, currentDir=/Users/bruce/Desktop/Align/CS5520}
2024-10-03T15:21:45.573-0700 [DEBUG] [org.gradle.launcher.daemon.server.SynchronizedDispatchConnection] thread 313: received class org.gradle.launcher.daemon.protocol.Finished
2024-10-03T15:21:45.573-0700 [DEBUG] [org.gradle.launcher.daemon.server.DefaultDaemonConnection] thread 313: Received non-IO message from client: org.gradle.launcher.daemon.protocol.Finished@2900fe66
2024-10-03T15:21:45.573-0700 [DEBUG] [org.gradle.launcher.daemon.server.DefaultIncomingConnectionHandler] Received finished message: org.gradle.launcher.daemon.protocol.Finished@2900fe66
2024-10-03T15:21:45.573-0700 [DEBUG] [org.gradle.internal.remote.internal.inet.SocketConnection] Discarding EOFException: java.io.EOFException
2024-10-03T15:21:45.573-0700 [DEBUG] [org.gradle.launcher.daemon.server.SynchronizedDispatchConnection] thread 312: stopping connection
2024-10-03T15:21:45.574-0700 [DEBUG] [org.gradle.launcher.daemon.server.SynchronizedDispatchConnection] thread 313: received null
2024-10-03T15:21:45.574-0700 [DEBUG] [org.gradle.launcher.daemon.server.DefaultDaemonConnection] thread 313: Received end-of-input from client.
2024-10-03T15:21:45.574-0700 [DEBUG] [org.gradle.launcher.daemon.server.SynchronizedDispatchConnection] thread 312: stopping connection
2024-10-03T15:21:50.834-0700 [DEBUG] [org.gradle.cache.internal.DefaultFileLockManager] Waiting to acquire shared lock on daemon addresses registry.
2024-10-03T15:21:50.835-0700 [DEBUG] [org.gradle.cache.internal.DefaultFileLockManager] Lock acquired on daemon addresses registry.
2024-10-03T15:21:50.835-0700 [DEBUG] [org.gradle.cache.internal.DefaultFileLockManager] Releasing lock on daemon addresses registry.
2024-10-03T15:21:50.835-0700 [DEBUG] [org.gradle.cache.internal.DefaultFileLockManager] Waiting to acquire shared lock on daemon addresses registry.
2024-10-03T15:21:50.835-0700 [DEBUG] [org.gradle.cache.internal.DefaultFileLockManager] Lock acquired on daemon addresses registry.
2024-10-03T15:21:50.835-0700 [DEBUG] [org.gradle.cache.internal.DefaultFileLockManager] Releasing lock on daemon addresses registry.
2024-10-03T15:22:00.834-0700 [DEBUG] [org.gradle.cache.internal.DefaultFileLockManager] Waiting to acquire shared lock on daemon addresses registry.
2024-10-03T15:22:00.835-0700 [DEBUG] [org.gradle.cache.internal.DefaultFileLockManager] Lock acquired on daemon addresses registry.
2024-10-03T15:22:00.835-0700 [DEBUG] [org.gradle.cache.internal.DefaultFileLockManager] Releasing lock on daemon addresses registry.
2024-10-03T15:22:00.835-0700 [DEBUG] [org.gradle.cache.internal.DefaultFileLockManager] Waiting to acquire shared lock on daemon addresses registry.
2024-10-03T15:22:00.836-0700 [DEBUG] [org.gradle.cache.internal.DefaultFileLockManager] Lock acquired on daemon addresses registry.
2024-10-03T15:22:00.836-0700 [DEBUG] [org.gradle.cache.internal.DefaultFileLockManager] Releasing lock on daemon addresses registry.
2024-10-03T15:22:00.836-0700 [DEBUG] [org.gradle.cache.internal.DefaultFileLockManager] Waiting to acquire shared lock on daemon addresses registry.
2024-10-03T15:22:00.836-0700 [DEBUG] [org.gradle.cache.internal.DefaultFileLockManager] Lock acquired on daemon addresses registry.
2024-10-03T15:22:00.836-0700 [DEBUG] [org.gradle.cache.internal.DefaultFileLockManager] Releasing lock on daemon addresses registry.
2024-10-03T15:22:10.836-0700 [DEBUG] [org.gradle.cache.internal.DefaultFileLockManager] Waiting to acquire shared lock on daemon addresses registry.
2024-10-03T15:22:10.836-0700 [DEBUG] [org.gradle.cache.internal.DefaultFileLockManager] Lock acquired on daemon addresses registry.
2024-10-03T15:22:10.836-0700 [DEBUG] [org.gradle.cache.internal.DefaultFileLockManager] Releasing lock on daemon addresses registry.
2024-10-03T15:22:10.837-0700 [DEBUG] [org.gradle.cache.internal.DefaultFileLockManager] Waiting to acquire shared lock on daemon addresses registry.
2024-10-03T15:22:10.837-0700 [DEBUG] [org.gradle.cache.internal.DefaultFileLockManager] Lock acquired on daemon addresses registry.
2024-10-03T15:22:10.837-0700 [DEBUG] [org.gradle.cache.internal.DefaultFileLockManager] Releasing lock on daemon addresses registry.
2024-10-03T15:22:10.837-0700 [DEBUG] [org.gradle.cache.internal.DefaultFileLockManager] Waiting to acquire shared lock on daemon addresses registry.
2024-10-03T15:22:10.837-0700 [DEBUG] [org.gradle.cache.internal.DefaultFileLockManager] Lock acquired on daemon addresses registry.
2024-10-03T15:22:10.837-0700 [DEBUG] [org.gradle.cache.internal.DefaultFileLockManager] Releasing lock on daemon addresses registry.
2024-10-03T15:22:20.835-0700 [DEBUG] [org.gradle.cache.internal.DefaultFileLockManager] Waiting to acquire shared lock on daemon addresses registry.
2024-10-03T15:22:20.835-0700 [DEBUG] [org.gradle.cache.internal.DefaultFileLockManager] Lock acquired on daemon addresses registry.
2024-10-03T15:22:20.835-0700 [DEBUG] [org.gradle.cache.internal.DefaultFileLockManager] Releasing lock on daemon addresses registry.
2024-10-03T15:22:20.836-0700 [DEBUG] [org.gradle.cache.internal.DefaultFileLockManager] Waiting to acquire shared lock on daemon addresses registry.
2024-10-03T15:22:20.836-0700 [DEBUG] [org.gradle.cache.internal.DefaultFileLockManager] Lock acquired on daemon addresses registry.
2024-10-03T15:22:20.836-0700 [DEBUG] [org.gradle.cache.internal.DefaultFileLockManager] Releasing lock on daemon addresses registry.
2024-10-03T15:22:20.837-0700 [DEBUG] [org.gradle.cache.internal.DefaultFileLockManager] Waiting to acquire shared lock on daemon addresses registry.
2024-10-03T15:22:20.837-0700 [DEBUG] [org.gradle.cache.internal.DefaultFileLockManager] Lock acquired on daemon addresses registry.
2024-10-03T15:22:20.837-0700 [DEBUG] [org.gradle.cache.internal.DefaultFileLockManager] Releasing lock on daemon addresses registry.
2024-10-03T15:22:30.835-0700 [DEBUG] [org.gradle.cache.internal.DefaultFileLockManager] Waiting to acquire shared lock on daemon addresses registry.
2024-10-03T15:22:30.835-0700 [DEBUG] [org.gradle.cache.internal.DefaultFileLockManager] Lock acquired on daemon addresses registry.
2024-10-03T15:22:30.836-0700 [DEBUG] [org.gradle.cache.internal.DefaultFileLockManager] Releasing lock on daemon addresses registry.
2024-10-03T15:22:30.836-0700 [DEBUG] [org.gradle.cache.internal.DefaultFileLockManager] Waiting to acquire shared lock on daemon addresses registry.
2024-10-03T15:22:30.836-0700 [DEBUG] [org.gradle.cache.internal.DefaultFileLockManager] Lock acquired on daemon addresses registry.
2024-10-03T15:22:30.836-0700 [DEBUG] [org.gradle.cache.internal.DefaultFileLockManager] Releasing lock on daemon addresses registry.
2024-10-03T15:22:30.837-0700 [DEBUG] [org.gradle.cache.internal.DefaultFileLockManager] Waiting to acquire shared lock on daemon addresses registry.
2024-10-03T15:22:30.837-0700 [DEBUG] [org.gradle.cache.internal.DefaultFileLockManager] Lock acquired on daemon addresses registry.
2024-10-03T15:22:30.837-0700 [DEBUG] [org.gradle.cache.internal.DefaultFileLockManager] Releasing lock on daemon addresses registry.
2024-10-03T15:22:40.835-0700 [DEBUG] [org.gradle.cache.internal.DefaultFileLockManager] Waiting to acquire shared lock on daemon addresses registry.
2024-10-03T15:22:40.836-0700 [DEBUG] [org.gradle.cache.internal.DefaultFileLockManager] Lock acquired on daemon addresses registry.
2024-10-03T15:22:40.836-0700 [DEBUG] [org.gradle.cache.internal.DefaultFileLockManager] Releasing lock on daemon addresses registry.
2024-10-03T15:22:40.837-0700 [DEBUG] [org.gradle.cache.internal.DefaultFileLockManager] Waiting to acquire shared lock on daemon addresses registry.
2024-10-03T15:22:40.837-0700 [DEBUG] [org.gradle.cache.internal.DefaultFileLockManager] Lock acquired on daemon addresses registry.
2024-10-03T15:22:40.837-0700 [DEBUG] [org.gradle.cache.internal.DefaultFileLockManager] Releasing lock on daemon addresses registry.
2024-10-03T15:22:40.837-0700 [DEBUG] [org.gradle.cache.internal.DefaultFileLockManager] Waiting to acquire shared lock on daemon addresses registry.
2024-10-03T15:22:40.837-0700 [DEBUG] [org.gradle.cache.internal.DefaultFileLockManager] Lock acquired on daemon addresses registry.
2024-10-03T15:22:40.837-0700 [DEBUG] [org.gradle.cache.internal.DefaultFileLockManager] Releasing lock on daemon addresses registry.
2024-10-03T15:22:50.835-0700 [DEBUG] [org.gradle.cache.internal.DefaultFileLockManager] Waiting to acquire shared lock on daemon addresses registry.
2024-10-03T15:22:50.835-0700 [DEBUG] [org.gradle.cache.internal.DefaultFileLockManager] Lock acquired on daemon addresses registry.
2024-10-03T15:22:50.835-0700 [DEBUG] [org.gradle.cache.internal.DefaultFileLockManager] Releasing lock on daemon addresses registry.
2024-10-03T15:22:50.836-0700 [DEBUG] [org.gradle.cache.internal.DefaultFileLockManager] Waiting to acquire shared lock on daemon addresses registry.
2024-10-03T15:22:50.836-0700 [DEBUG] [org.gradle.cache.internal.DefaultFileLockManager] Lock acquired on daemon addresses registry.
2024-10-03T15:22:50.836-0700 [DEBUG] [org.gradle.cache.internal.DefaultFileLockManager] Releasing lock on daemon addresses registry.
2024-10-03T15:22:50.836-0700 [DEBUG] [org.gradle.cache.internal.DefaultFileLockManager] Waiting to acquire shared lock on daemon addresses registry.
2024-10-03T15:22:50.837-0700 [DEBUG] [org.gradle.cache.internal.DefaultFileLockManager] Lock acquired on daemon addresses registry.
2024-10-03T15:22:50.837-0700 [DEBUG] [org.gradle.cache.internal.DefaultFileLockManager] Releasing lock on daemon addresses registry.
2024-10-03T15:23:00.834-0700 [DEBUG] [org.gradle.cache.internal.DefaultFileLockManager] Waiting to acquire shared lock on daemon addresses registry.
2024-10-03T15:23:00.834-0700 [DEBUG] [org.gradle.cache.internal.DefaultFileLockManager] Lock acquired on daemon addresses registry.
2024-10-03T15:23:00.834-0700 [DEBUG] [org.gradle.cache.internal.DefaultFileLockManager] Releasing lock on daemon addresses registry.
2024-10-03T15:23:00.834-0700 [DEBUG] [org.gradle.cache.internal.DefaultFileLockManager] Waiting to acquire shared lock on daemon addresses registry.
2024-10-03T15:23:00.835-0700 [DEBUG] [org.gradle.cache.internal.DefaultFileLockManager] Lock acquired on daemon addresses registry.
2024-10-03T15:23:00.835-0700 [DEBUG] [org.gradle.cache.internal.DefaultFileLockManager] Releasing lock on daemon addresses registry.
2024-10-03T15:23:00.835-0700 [DEBUG] [org.gradle.cache.internal.DefaultFileLockManager] Waiting to acquire shared lock on daemon addresses registry.
2024-10-03T15:23:00.835-0700 [DEBUG] [org.gradle.cache.internal.DefaultFileLockManager] Lock acquired on daemon addresses registry.
2024-10-03T15:23:00.836-0700 [DEBUG] [org.gradle.cache.internal.DefaultFileLockManager] Releasing lock on daemon addresses registry.
2024-10-03T15:23:10.834-0700 [DEBUG] [org.gradle.cache.internal.DefaultFileLockManager] Waiting to acquire shared lock on daemon addresses registry.
2024-10-03T15:23:10.835-0700 [DEBUG] [org.gradle.cache.internal.DefaultFileLockManager] Lock acquired on daemon addresses registry.
2024-10-03T15:23:10.835-0700 [DEBUG] [org.gradle.cache.internal.DefaultFileLockManager] Releasing lock on daemon addresses registry.
2024-10-03T15:23:10.835-0700 [DEBUG] [org.gradle.cache.internal.DefaultFileLockManager] Waiting to acquire shared lock on daemon addresses registry.
2024-10-03T15:23:10.836-0700 [DEBUG] [org.gradle.cache.internal.DefaultFileLockManager] Lock acquired on daemon addresses registry.
2024-10-03T15:23:10.836-0700 [DEBUG] [org.gradle.cache.internal.DefaultFileLockManager] Releasing lock on daemon addresses registry.
2024-10-03T15:23:10.836-0700 [DEBUG] [org.gradle.cache.internal.DefaultFileLockManager] Waiting to acquire shared lock on daemon addresses registry.
2024-10-03T15:23:10.836-0700 [DEBUG] [org.gradle.cache.internal.DefaultFileLockManager] Lock acquired on daemon addresses registry.
2024-10-03T15:23:10.836-0700 [DEBUG] [org.gradle.cache.internal.DefaultFileLockManager] Releasing lock on daemon addresses registry.
2024-10-03T15:23:11.645-0700 [DEBUG] [org.gradle.internal.remote.internal.inet.TcpIncomingConnector] Accepted connection from /127.0.0.1:61658 to /127.0.0.1:61457.
2024-10-03T15:23:11.648-0700 [DEBUG] [org.gradle.launcher.daemon.server.SynchronizedDispatchConnection] thread 390: received class org.gradle.launcher.daemon.protocol.StopWhenIdle
2024-10-03T15:23:11.648-0700 [DEBUG] [org.gradle.launcher.daemon.server.DefaultDaemonConnection] thread 390: Received non-IO message from client: StopWhenIdle[id=f38a7266-2c4a-4c0a-9133-b073ae1f5e8a]
2024-10-03T15:23:11.648-0700 [INFO] [org.gradle.launcher.daemon.server.DefaultIncomingConnectionHandler] Received command: StopWhenIdle[id=f38a7266-2c4a-4c0a-9133-b073ae1f5e8a].
2024-10-03T15:23:11.648-0700 [DEBUG] [org.gradle.launcher.daemon.server.DefaultIncomingConnectionHandler] Starting executing command: StopWhenIdle[id=f38a7266-2c4a-4c0a-9133-b073ae1f5e8a] with connection: socket connection from /127.0.0.1:61457 to /127.0.0.1:61658.
2024-10-03T15:23:11.648-0700 [DEBUG] [org.gradle.launcher.daemon.server.DaemonRegistryUpdater] Storing daemon stop event: stop command received
2024-10-03T15:23:11.649-0700 [DEBUG] [org.gradle.launcher.daemon.registry.PersistentDaemonRegistry] Storing daemon stop event with timestamp 1727994191649
2024-10-03T15:23:11.649-0700 [DEBUG] [org.gradle.cache.internal.DefaultFileLockManager] Waiting to acquire exclusive lock on daemon addresses registry.
2024-10-03T15:23:11.649-0700 [DEBUG] [org.gradle.cache.internal.DefaultFileLockManager] Lock acquired on daemon addresses registry.
2024-10-03T15:23:11.650-0700 [DEBUG] [org.gradle.cache.internal.DefaultFileLockManager] Releasing lock on daemon addresses registry.
2024-10-03T15:23:11.650-0700 [LIFECYCLE] [org.gradle.launcher.daemon.server.DaemonStateCoordinator] Daemon will be stopped at the end of the build stop command received
2024-10-03T15:23:11.650-0700 [DEBUG] [org.gradle.launcher.daemon.server.DaemonStateCoordinator] Marking daemon stopped due to stop command received. The daemon is running a build: false
2024-10-03T15:23:11.650-0700 [DEBUG] [org.gradle.launcher.daemon.server.SynchronizedDispatchConnection] thread 389: dispatching Success[value=null]
2024-10-03T15:23:11.650-0700 [DEBUG] [org.gradle.launcher.daemon.server.DaemonStateCoordinator] daemon has stopped.
2024-10-03T15:23:11.650-0700 [DEBUG] [org.gradle.launcher.daemon.server.Daemon] stop() called on daemon
2024-10-03T15:23:11.650-0700 [INFO] [org.gradle.launcher.daemon.server.Daemon] Stop requested. Daemon is removing its presence from the registry...
2024-10-03T15:23:11.650-0700 [DEBUG] [org.gradle.launcher.daemon.server.DefaultIncomingConnectionHandler] Finishing executing command: StopWhenIdle[id=f38a7266-2c4a-4c0a-9133-b073ae1f5e8a]
2024-10-03T15:23:11.651-0700 [DEBUG] [org.gradle.launcher.daemon.server.DaemonRegistryUpdater] Removing our presence to clients, eg. removing this address from the registry: [392c7115-4332-479f-bd83-3b6363548872 port:61457, addresses:[localhost/127.0.0.1]]
2024-10-03T15:23:11.651-0700 [DEBUG] [org.gradle.launcher.daemon.server.SynchronizedDispatchConnection] thread 390: received class org.gradle.launcher.daemon.protocol.Finished
2024-10-03T15:23:11.651-0700 [DEBUG] [org.gradle.launcher.daemon.registry.PersistentDaemonRegistry] Removing daemon address: [392c7115-4332-479f-bd83-3b6363548872 port:61457, addresses:[localhost/127.0.0.1]]
2024-10-03T15:23:11.651-0700 [DEBUG] [org.gradle.launcher.daemon.server.DefaultDaemonConnection] thread 390: Received non-IO message from client: org.gradle.launcher.daemon.protocol.Finished@384b0857
2024-10-03T15:23:11.651-0700 [DEBUG] [org.gradle.launcher.daemon.server.DefaultIncomingConnectionHandler] Received finished message: org.gradle.launcher.daemon.protocol.Finished@384b0857
2024-10-03T15:23:11.651-0700 [DEBUG] [org.gradle.internal.remote.internal.inet.SocketConnection] Discarding EOFException: java.io.EOFException
2024-10-03T15:23:11.651-0700 [DEBUG] [org.gradle.launcher.daemon.server.SynchronizedDispatchConnection] thread 389: stopping connection
2024-10-03T15:23:11.652-0700 [DEBUG] [org.gradle.launcher.daemon.server.SynchronizedDispatchConnection] thread 390: received null
2024-10-03T15:23:11.652-0700 [DEBUG] [org.gradle.cache.internal.DefaultFileLockManager] Waiting to acquire exclusive lock on daemon addresses registry.
2024-10-03T15:23:11.652-0700 [DEBUG] [org.gradle.launcher.daemon.server.DefaultDaemonConnection] thread 390: Received end-of-input from client.
2024-10-03T15:23:11.652-0700 [DEBUG] [org.gradle.cache.internal.DefaultFileLockManager] Lock acquired on daemon addresses registry.
2024-10-03T15:23:11.652-0700 [DEBUG] [org.gradle.launcher.daemon.server.SynchronizedDispatchConnection] thread 389: stopping connection
2024-10-03T15:23:11.653-0700 [DEBUG] [org.gradle.cache.internal.DefaultFileLockManager] Releasing lock on daemon addresses registry.
2024-10-03T15:23:11.653-0700 [DEBUG] [org.gradle.launcher.daemon.server.DaemonRegistryUpdater] Address removed from registry.
2024-10-03T15:23:11.656-0700 [DEBUG] [org.gradle.cache.internal.LockOnDemandCrossProcessCacheAccess] Releasing file lock for jars (/Users/bruce/Desktop/Align/CS5520/caches/jars-9)
2024-10-03T15:23:11.656-0700 [DEBUG] [org.gradle.cache.internal.DefaultFileLockManager] Releasing lock on jars (/Users/bruce/Desktop/Align/CS5520/caches/jars-9).
2024-10-03T15:23:11.656-0700 [DEBUG] [org.gradle.cache.internal.LockOnDemandCrossProcessCacheAccess] Releasing file lock for Artifact transforms cache (/Users/bruce/Desktop/Align/CS5520/caches/transforms-3)
2024-10-03T15:23:11.656-0700 [DEBUG] [org.gradle.cache.internal.DefaultFileLockManager] Releasing lock on Artifact transforms cache (/Users/bruce/Desktop/Align/CS5520/caches/transforms-3).
2024-10-03T15:23:11.657-0700 [DEBUG] [org.gradle.cache.internal.LockOnDemandCrossProcessCacheAccess] Releasing file lock for kotlin-dsl (/Users/bruce/Desktop/Align/CS5520/caches/8.2/kotlin-dsl)
2024-10-03T15:23:11.657-0700 [DEBUG] [org.gradle.cache.internal.btree.BTreePersistentIndexedCache] Closing cache executionHistory.bin (/Users/bruce/Desktop/Align/CS5520/caches/8.2/kotlin-dsl/executionHistory.bin)
2024-10-03T15:23:11.657-0700 [DEBUG] [org.gradle.cache.internal.DefaultFileLockManager] Releasing lock on kotlin-dsl (/Users/bruce/Desktop/Align/CS5520/caches/8.2/kotlin-dsl).
2024-10-03T15:23:11.661-0700 [DEBUG] [org.gradle.cache.internal.LockOnDemandCrossProcessCacheAccess] Releasing file lock for file content cache (/Users/bruce/Desktop/Align/CS5520/caches/8.2/fileContent)
2024-10-03T15:23:11.661-0700 [DEBUG] [org.gradle.cache.internal.DefaultFileLockManager] Releasing lock on file content cache (/Users/bruce/Desktop/Align/CS5520/caches/8.2/fileContent).
2024-10-03T15:23:11.661-0700 [DEBUG] [org.gradle.internal.watch.vfs.impl.WatchingVirtualFileSystem] Closing VFS, dropping state
2024-10-03T15:23:11.662-0700 [DEBUG] [org.gradle.cache.internal.LockOnDemandCrossProcessCacheAccess] Releasing file lock for Generated Gradle JARs cache (/Users/bruce/Desktop/Align/CS5520/caches/8.2/generated-gradle-jars)
2024-10-03T15:23:11.663-0700 [DEBUG] [org.gradle.cache.internal.DefaultFileLockManager] Releasing lock on Generated Gradle JARs cache (/Users/bruce/Desktop/Align/CS5520/caches/8.2/generated-gradle-jars).
2024-10-03T15:23:11.663-0700 [DEBUG] [org.gradle.internal.watch.registry.impl.DefaultFileWatcherRegistry] Finished listening to file system change events
2024-10-03T15:23:11.663-0700 [DEBUG] [org.gradle.cache.internal.LockOnDemandCrossProcessCacheAccess] Releasing file lock for artifact cache (/Users/bruce/Desktop/Align/CS5520/caches/modules-2)
2024-10-03T15:23:11.663-0700 [DEBUG] [org.gradle.cache.internal.btree.BTreePersistentIndexedCache] Closing cache resource-at-url.bin (/Users/bruce/Desktop/Align/CS5520/caches/modules-2/metadata-2.106/resource-at-url.bin)
2024-10-03T15:23:11.663-0700 [DEBUG] [org.gradle.cache.internal.btree.BTreePersistentIndexedCache] Closing cache module-artifact.bin (/Users/bruce/Desktop/Align/CS5520/caches/modules-2/metadata-2.106/module-artifact.bin)
2024-10-03T15:23:11.663-0700 [DEBUG] [org.gradle.cache.internal.btree.BTreePersistentIndexedCache] Closing cache module-metadata.bin (/Users/bruce/Desktop/Align/CS5520/caches/modules-2/metadata-2.106/module-metadata.bin)
2024-10-03T15:23:11.663-0700 [DEBUG] [org.gradle.cache.internal.DefaultFileLockManager] Releasing lock on artifact cache (/Users/bruce/Desktop/Align/CS5520/caches/modules-2).
2024-10-03T15:23:11.664-0700 [DEBUG] [org.gradle.cache.internal.LockOnDemandCrossProcessCacheAccess] Releasing file lock for journal cache (/Users/bruce/Desktop/Align/CS5520/caches/journal-1)
2024-10-03T15:23:11.664-0700 [DEBUG] [org.gradle.cache.internal.btree.BTreePersistentIndexedCache] Closing cache file-access.bin (/Users/bruce/Desktop/Align/CS5520/caches/journal-1/file-access.bin)
2024-10-03T15:23:11.664-0700 [DEBUG] [org.gradle.cache.internal.DefaultFileLockManager] Releasing lock on journal cache (/Users/bruce/Desktop/Align/CS5520/caches/journal-1).
2024-10-03T15:23:11.664-0700 [DEBUG] [org.gradle.cache.internal.LockOnDemandCrossProcessCacheAccess] Releasing file lock for file hash cache (/Users/bruce/Desktop/Align/CS5520/caches/8.2/fileHashes)
2024-10-03T15:23:11.664-0700 [DEBUG] [org.gradle.cache.internal.btree.BTreePersistentIndexedCache] Closing cache fileHashes.bin (/Users/bruce/Desktop/Align/CS5520/caches/8.2/fileHashes/fileHashes.bin)
2024-10-03T15:23:11.664-0700 [DEBUG] [org.gradle.cache.internal.btree.BTreePersistentIndexedCache] Closing cache resourceHashesCache.bin (/Users/bruce/Desktop/Align/CS5520/caches/8.2/fileHashes/resourceHashesCache.bin)
2024-10-03T15:23:11.665-0700 [DEBUG] [org.gradle.cache.internal.DefaultFileLockManager] Releasing lock on file hash cache (/Users/bruce/Desktop/Align/CS5520/caches/8.2/fileHashes).
2024-10-03T15:23:11.665-0700 [DEBUG] [org.gradle.cache.internal.LockOnDemandCrossProcessCacheAccess] Releasing file lock for execution history cache (/Users/bruce/Desktop/Align/CS5520/caches/8.2/executionHistory)
2024-10-03T15:23:11.665-0700 [DEBUG] [org.gradle.cache.internal.btree.BTreePersistentIndexedCache] Closing cache executionHistory.bin (/Users/bruce/Desktop/Align/CS5520/caches/8.2/executionHistory/executionHistory.bin)
2024-10-03T15:23:11.665-0700 [DEBUG] [org.gradle.cache.internal.DefaultFileLockManager] Releasing lock on execution history cache (/Users/bruce/Desktop/Align/CS5520/caches/8.2/executionHistory).
2024-10-03T15:23:11.665-0700 [DEBUG] [org.gradle.cache.internal.LockOnDemandCrossProcessCacheAccess] Releasing file lock for Java compile cache (/Users/bruce/Desktop/Align/CS5520/caches/8.2/javaCompile)
2024-10-03T15:23:11.665-0700 [DEBUG] [org.gradle.cache.internal.btree.BTreePersistentIndexedCache] Closing cache jarAnalysis.bin (/Users/bruce/Desktop/Align/CS5520/caches/8.2/javaCompile/jarAnalysis.bin)
2024-10-03T15:23:11.666-0700 [DEBUG] [org.gradle.cache.internal.btree.BTreePersistentIndexedCache] Closing cache classAnalysis.bin (/Users/bruce/Desktop/Align/CS5520/caches/8.2/javaCompile/classAnalysis.bin)
2024-10-03T15:23:11.666-0700 [DEBUG] [org.gradle.cache.internal.DefaultFileLockManager] Releasing lock on Java compile cache (/Users/bruce/Desktop/Align/CS5520/caches/8.2/javaCompile).
2024-10-03T15:23:11.674-0700 [DEBUG] [org.gradle.cache.internal.VersionSpecificCacheCleanupAction] Processed version-specific caches at /Users/bruce/Desktop/Align/CS5520/caches for cleanup in 0.007 secs
Daemon vm is shutting down... The daemon has exited normally or was terminated in response to a user interrupt.
2024-10-03T15:23:11.677-0700 [DEBUG] [org.gradle.launcher.daemon.registry.PersistentDaemonRegistry] Removing daemon address: [392c7115-4332-479f-bd83-3b6363548872 port:61457, addresses:[localhost/127.0.0.1]]
2024-10-03T15:23:11.678-0700 [DEBUG] [org.gradle.cache.internal.DefaultFileLockManager] Waiting to acquire exclusive lock on daemon addresses registry.
2024-10-03T15:23:11.678-0700 [DEBUG] [org.gradle.cache.internal.DefaultFileLockManager] Lock acquired on daemon addresses registry.
2024-10-03T15:23:11.678-0700 [DEBUG] [org.gradle.cache.internal.DefaultFileLockManager] Releasing lock on daemon addresses registry.
